  list_methods.cpp
C:\Users\Артур\Desktop\АиСД 4 семестр\2\lab2\list.h(13,1): error C2955: "node_list": для использования класс шаблон требуется список аргументов шаблон
C:\Users\Артур\Desktop\АиСД 4 семестр\2\lab2\list.h(6): message : см. объявление "node_list"
C:\Users\Артур\Desktop\АиСД 4 семестр\2\lab2\list.h(40): message : выполняется компиляция ссылки на экземпляр класс шаблон функции "ListOfNum<T>"
C:\Users\Артур\Desktop\АиСД 4 семестр\2\lab2\list_methods.cpp(9,32): error C2760: синтаксическая ошибка: непредвиденный токен "идентификатор"; требуется "спецификатор типа"
C:\Users\Артур\Desktop\АиСД 4 семестр\2\lab2\list_methods.cpp(27,32): error C2760: синтаксическая ошибка: непредвиденный токен "идентификатор"; требуется "спецификатор типа"
  main.cpp
  red_black_tree_methods.cpp
C:\Users\Артур\Desktop\АиСД 4 семестр\2\lab2\list.h(13,1): error C2955: "node_list": для использования класс шаблон требуется список аргументов шаблон
C:\Users\Артур\Desktop\АиСД 4 семестр\2\lab2\list.h(6): message : см. объявление "node_list"
C:\Users\Артур\Desktop\АиСД 4 семестр\2\lab2\list.h(40): message : выполняется компиляция ссылки на экземпляр класс шаблон функции "ListOfNum<T>"
C:\Users\Артур\Desktop\АиСД 4 семестр\2\lab2\red_black_tree_methods.cpp(125,30): error C2116: "red_black_tree<T1,T2>::print": списки параметров функции не совпадают в разных объявлениях.
C:\Users\Артур\Desktop\АиСД 4 семестр\2\lab2\red_black_tree.h(35): message : см. объявление "red_black_tree<T1,T2>::print"
C:\Users\Артур\Desktop\АиСД 4 семестр\2\lab2\red_black_tree_methods.cpp(150,30): error C2116: "red_black_tree<T1,T2>::clear_help": списки параметров функции не совпадают в разных объявлениях.
C:\Users\Артур\Desktop\АиСД 4 семестр\2\lab2\red_black_tree.h(34): message : см. объявление "red_black_tree<T1,T2>::clear_help"
C:\Users\Артур\Desktop\АиСД 4 семестр\2\lab2\red_black_tree_methods.cpp(192,16): error C2672: "right_turn": не найдена соответствующая перегруженная функция
C:\Users\Артур\Desktop\АиСД 4 семестр\2\lab2\red_black_tree_methods.cpp(192,16): error C2784: void right_turn(red_black_tree_node<T1,T2> *): не удалось вывести аргумент шаблон для "red_black_tree_node<T1,T2> *" из "red_black_tree_node *"
C:\Users\Артур\Desktop\АиСД 4 семестр\2\lab2\red_black_tree_methods.cpp(11): message : см. объявление "right_turn"
C:\Users\Артур\Desktop\АиСД 4 семестр\2\lab2\red_black_tree_methods.cpp(224,15): error C2672: "left_turn": не найдена соответствующая перегруженная функция
C:\Users\Артур\Desktop\АиСД 4 семестр\2\lab2\red_black_tree_methods.cpp(224,15): error C2784: void left_turn(red_black_tree_node<T1,T2> *): не удалось вывести аргумент шаблон для "red_black_tree_node<T1,T2> *" из "red_black_tree_node *"
C:\Users\Артур\Desktop\АиСД 4 семестр\2\lab2\red_black_tree_methods.cpp(28): message : см. объявление "left_turn"
C:\Users\Артур\Desktop\АиСД 4 семестр\2\lab2\red_black_tree_methods.cpp(288,44): error C2672: "fix_remove": не найдена соответствующая перегруженная функция
C:\Users\Артур\Desktop\АиСД 4 семестр\2\lab2\red_black_tree_methods.cpp(288,44): error C2784: void fix_remove(red_black_tree_node<T1,T2> *): не удалось вывести аргумент шаблон для "red_black_tree_node<T1,T2> *" из "red_black_tree_node *"
C:\Users\Артур\Desktop\АиСД 4 семестр\2\lab2\red_black_tree_methods.cpp(166): message : см. объявление "fix_remove"
  string.cpp
C:\Users\Артур\Desktop\АиСД 4 семестр\2\lab2\string.cpp(19,5): error C4996: 'strcpy': This function or variable may be unsafe. Consider using strcpy_s instead. To disable deprecation, use _CRT_SECURE_NO_WARNINGS. See online help for details.
C:\Users\Артур\Desktop\АиСД 4 семестр\2\lab2\string.cpp(36,10): error C4996: 'strcpy': This function or variable may be unsafe. Consider using strcpy_s instead. To disable deprecation, use _CRT_SECURE_NO_WARNINGS. See online help for details.
C:\Users\Артур\Desktop\АиСД 4 семестр\2\lab2\string.cpp(83,10): error C4996: 'strcpy': This function or variable may be unsafe. Consider using strcpy_s instead. To disable deprecation, use _CRT_SECURE_NO_WARNINGS. See online help for details.
C:\Users\Артур\Desktop\АиСД 4 семестр\2\lab2\string.cpp(92,10): error C4996: 'strcpy': This function or variable may be unsafe. Consider using strcpy_s instead. To disable deprecation, use _CRT_SECURE_NO_WARNINGS. See online help for details.
C:\Users\Артур\Desktop\АиСД 4 семестр\2\lab2\string.cpp(102,10): error C4996: 'strcpy': This function or variable may be unsafe. Consider using strcpy_s instead. To disable deprecation, use _CRT_SECURE_NO_WARNINGS. See online help for details.
C:\Users\Артур\Desktop\АиСД 4 семестр\2\lab2\string.cpp(103,10): error C4996: 'strcpy': This function or variable may be unsafe. Consider using strcpy_s instead. To disable deprecation, use _CRT_SECURE_NO_WARNINGS. See online help for details.
  Создание кода...
